The system is: Linux - 4.13.0-38-generic - x86_64
Compiling the C compiler identification source file "CMakeCCompilerId.c" succeeded.
Compiler: /usr/bin/cc 
Build flags: 
Id flags:  

The output was:
0


Compilation of the C compiler identification source "CMakeCCompilerId.c" produced "a.out"

The C compiler identification is GNU, found in "/home/matteo/Scrivania/Despeect-ProductBaseline/SpeectInstaller/builds/x86_64-Linux/Speect/CMakeFiles/3.9.1/CompilerIdC/a.out"

Determining if the C compiler works passed with the following output:
Change Dir: /home/matteo/Scrivania/Despeect-ProductBaseline/SpeectInstaller/builds/x86_64-Linux/Speect/CMakeFiles/CMakeTmp

Run Build Command:"/usr/bin/make" "cmTC_10483/fast"
/usr/bin/make -f CMakeFiles/cmTC_10483.dir/build.make CMakeFiles/cmTC_10483.dir/build
make[1]: ingresso nella directory "/home/matteo/Scrivania/Despeect-ProductBaseline/SpeectInstaller/builds/x86_64-Linux/Speect/CMakeFiles/CMakeTmp"
Building C object CMakeFiles/cmTC_10483.dir/testCCompiler.c.o
/usr/bin/cc    -o CMakeFiles/cmTC_10483.dir/testCCompiler.c.o   -c /home/matteo/Scrivania/Despeect-ProductBaseline/SpeectInstaller/builds/x86_64-Linux/Speect/CMakeFiles/CMakeTmp/testCCompiler.c
Linking C executable cmTC_10483
/usr/bin/cmake -E cmake_link_script CMakeFiles/cmTC_10483.dir/link.txt --verbose=1
/usr/bin/cc      -rdynamic CMakeFiles/cmTC_10483.dir/testCCompiler.c.o  -o cmTC_10483 
make[1]: uscita dalla directory "/home/matteo/Scrivania/Despeect-ProductBaseline/SpeectInstaller/builds/x86_64-Linux/Speect/CMakeFiles/CMakeTmp"


Detecting C compiler ABI info compiled with the following output:
Change Dir: /home/matteo/Scrivania/Despeect-ProductBaseline/SpeectInstaller/builds/x86_64-Linux/Speect/CMakeFiles/CMakeTmp

Run Build Command:"/usr/bin/make" "cmTC_0d3c5/fast"
/usr/bin/make -f CMakeFiles/cmTC_0d3c5.dir/build.make CMakeFiles/cmTC_0d3c5.dir/build
make[1]: ingresso nella directory "/home/matteo/Scrivania/Despeect-ProductBaseline/SpeectInstaller/builds/x86_64-Linux/Speect/CMakeFiles/CMakeTmp"
Building C object CMakeFiles/cmTC_0d3c5.dir/CMakeCCompilerABI.c.o
/usr/bin/cc    -o CMakeFiles/cmTC_0d3c5.dir/CMakeCCompilerABI.c.o   -c /usr/share/cmake-3.9/Modules/CMakeCCompilerABI.c
Linking C executable cmTC_0d3c5
/usr/bin/cmake -E cmake_link_script CMakeFiles/cmTC_0d3c5.dir/link.txt --verbose=1
/usr/bin/cc     -v -rdynamic CMakeFiles/cmTC_0d3c5.dir/CMakeCCompilerABI.c.o  -o cmTC_0d3c5 
Using built-in specs.
COLLECT_GCC=/usr/bin/cc
COLLECT_LTO_WRAPPER=/usr/lib/gcc/x86_64-linux-gnu/7/lto-wrapper
OFFLOAD_TARGET_NAMES=nvptx-none
OFFLOAD_TARGET_DEFAULT=1
Target: x86_64-linux-gnu
Configured with: ../src/configure -v --with-pkgversion='Ubuntu 7.2.0-8ubuntu3.2' --with-bugurl=file:///usr/share/doc/gcc-7/README.Bugs --enable-languages=c,ada,c++,go,brig,d,fortran,objc,obj-c++ --prefix=/usr --with-gcc-major-version-only --program-suffix=-7 --program-prefix=x86_64-linux-gnu- --enable-shared --enable-linker-build-id --libexecdir=/usr/lib --without-included-gettext --enable-threads=posix --libdir=/usr/lib --enable-nls --with-sysroot=/ --enable-clocale=gnu --enable-libstdcxx-debug --enable-libstdcxx-time=yes --with-default-libstdcxx-abi=new --enable-gnu-unique-object --disable-vtable-verify --enable-libmpx --enable-plugin --enable-default-pie --with-system-zlib --with-target-system-zlib --enable-objc-gc=auto --enable-multiarch --disable-werror --with-arch-32=i686 --with-abi=m64 --with-multilib-list=m32,m64,mx32 --enable-multilib --with-tune=generic --enable-offload-targets=nvptx-none --without-cuda-driver --enable-checking=release --build=x86_64-linux-gnu --host=x86_64-linux-gnu --target=x86_64-linux-gnu
Thread model: posix
gcc version 7.2.0 (Ubuntu 7.2.0-8ubuntu3.2) 
COMPILER_PATH=/usr/lib/gcc/x86_64-linux-gnu/7/:/usr/lib/gcc/x86_64-linux-gnu/7/:/usr/lib/gcc/x86_64-linux-gnu/:/usr/lib/gcc/x86_64-linux-gnu/7/:/usr/lib/gcc/x86_64-linux-gnu/
LIBRARY_PATH=/usr/lib/gcc/x86_64-linux-gnu/7/:/usr/lib/gcc/x86_64-linux-gnu/7/../../../x86_64-linux-gnu/:/usr/lib/gcc/x86_64-linux-gnu/7/../../../../lib/:/lib/x86_64-linux-gnu/:/lib/../lib/:/usr/lib/x86_64-linux-gnu/:/usr/lib/../lib/:/usr/lib/gcc/x86_64-linux-gnu/7/../../../:/lib/:/usr/lib/
COLLECT_GCC_OPTIONS='-v' '-rdynamic' '-o' 'cmTC_0d3c5' '-mtune=generic' '-march=x86-64'
 /usr/lib/gcc/x86_64-linux-gnu/7/collect2 -plugin /usr/lib/gcc/x86_64-linux-gnu/7/liblto_plugin.so -plugin-opt=/usr/lib/gcc/x86_64-linux-gnu/7/lto-wrapper -plugin-opt=-fresolution=/tmp/ccywgFcp.res -plugin-opt=-pass-through=-lgcc -plugin-opt=-pass-through=-lgcc_s -plugin-opt=-pass-through=-lc -plugin-opt=-pass-through=-lgcc -plugin-opt=-pass-through=-lgcc_s --sysroot=/ --build-id --eh-frame-hdr -m elf_x86_64 --hash-style=gnu --as-needed -export-dynamic -dynamic-linker /lib64/ld-linux-x86-64.so.2 -pie -z now -z relro -o cmTC_0d3c5 /usr/lib/gcc/x86_64-linux-gnu/7/../../../x86_64-linux-gnu/Scrt1.o /usr/lib/gcc/x86_64-linux-gnu/7/../../../x86_64-linux-gnu/crti.o /usr/lib/gcc/x86_64-linux-gnu/7/crtbeginS.o -L/usr/lib/gcc/x86_64-linux-gnu/7 -L/usr/lib/gcc/x86_64-linux-gnu/7/../../../x86_64-linux-gnu -L/usr/lib/gcc/x86_64-linux-gnu/7/../../../../lib -L/lib/x86_64-linux-gnu -L/lib/../lib -L/usr/lib/x86_64-linux-gnu -L/usr/lib/../lib -L/usr/lib/gcc/x86_64-linux-gnu/7/../../.. CMakeFiles/cmTC_0d3c5.dir/CMakeCCompilerABI.c.o -lgcc --as-needed -lgcc_s --no-as-needed -lc -lgcc --as-needed -lgcc_s --no-as-needed /usr/lib/gcc/x86_64-linux-gnu/7/crtendS.o /usr/lib/gcc/x86_64-linux-gnu/7/../../../x86_64-linux-gnu/crtn.o
COLLECT_GCC_OPTIONS='-v' '-rdynamic' '-o' 'cmTC_0d3c5' '-mtune=generic' '-march=x86-64'
make[1]: uscita dalla directory "/home/matteo/Scrivania/Despeect-ProductBaseline/SpeectInstaller/builds/x86_64-Linux/Speect/CMakeFiles/CMakeTmp"


Parsed C implicit link information from above output:
  link line regex: [^( *|.*[/\])(ld|CMAKE_LINK_STARTFILE-NOTFOUND|([^/\]+-)?ld|collect2)[^/\]*( |$)]
  ignore line: [Change Dir: /home/matteo/Scrivania/Despeect-ProductBaseline/SpeectInstaller/builds/x86_64-Linux/Speect/CMakeFiles/CMakeTmp]
  ignore line: []
  ignore line: [Run Build Command:"/usr/bin/make" "cmTC_0d3c5/fast"]
  ignore line: [/usr/bin/make -f CMakeFiles/cmTC_0d3c5.dir/build.make CMakeFiles/cmTC_0d3c5.dir/build]
  ignore line: [make[1]: ingresso nella directory "/home/matteo/Scrivania/Despeect-ProductBaseline/SpeectInstaller/builds/x86_64-Linux/Speect/CMakeFiles/CMakeTmp"]
  ignore line: [Building C object CMakeFiles/cmTC_0d3c5.dir/CMakeCCompilerABI.c.o]
  ignore line: [/usr/bin/cc    -o CMakeFiles/cmTC_0d3c5.dir/CMakeCCompilerABI.c.o   -c /usr/share/cmake-3.9/Modules/CMakeCCompilerABI.c]
  ignore line: [Linking C executable cmTC_0d3c5]
  ignore line: [/usr/bin/cmake -E cmake_link_script CMakeFiles/cmTC_0d3c5.dir/link.txt --verbose=1]
  ignore line: [/usr/bin/cc     -v -rdynamic CMakeFiles/cmTC_0d3c5.dir/CMakeCCompilerABI.c.o  -o cmTC_0d3c5 ]
  ignore line: [Using built-in specs.]
  ignore line: [COLLECT_GCC=/usr/bin/cc]
  ignore line: [COLLECT_LTO_WRAPPER=/usr/lib/gcc/x86_64-linux-gnu/7/lto-wrapper]
  ignore line: [OFFLOAD_TARGET_NAMES=nvptx-none]
  ignore line: [OFFLOAD_TARGET_DEFAULT=1]
  ignore line: [Target: x86_64-linux-gnu]
  ignore line: [Configured with: ../src/configure -v --with-pkgversion='Ubuntu 7.2.0-8ubuntu3.2' --with-bugurl=file:///usr/share/doc/gcc-7/README.Bugs --enable-languages=c,ada,c++,go,brig,d,fortran,objc,obj-c++ --prefix=/usr --with-gcc-major-version-only --program-suffix=-7 --program-prefix=x86_64-linux-gnu- --enable-shared --enable-linker-build-id --libexecdir=/usr/lib --without-included-gettext --enable-threads=posix --libdir=/usr/lib --enable-nls --with-sysroot=/ --enable-clocale=gnu --enable-libstdcxx-debug --enable-libstdcxx-time=yes --with-default-libstdcxx-abi=new --enable-gnu-unique-object --disable-vtable-verify --enable-libmpx --enable-plugin --enable-default-pie --with-system-zlib --with-target-system-zlib --enable-objc-gc=auto --enable-multiarch --disable-werror --with-arch-32=i686 --with-abi=m64 --with-multilib-list=m32,m64,mx32 --enable-multilib --with-tune=generic --enable-offload-targets=nvptx-none --without-cuda-driver --enable-checking=release --build=x86_64-linux-gnu --host=x86_64-linux-gnu --target=x86_64-linux-gnu]
  ignore line: [Thread model: posix]
  ignore line: [gcc version 7.2.0 (Ubuntu 7.2.0-8ubuntu3.2) ]
  ignore line: [COMPILER_PATH=/usr/lib/gcc/x86_64-linux-gnu/7/:/usr/lib/gcc/x86_64-linux-gnu/7/:/usr/lib/gcc/x86_64-linux-gnu/:/usr/lib/gcc/x86_64-linux-gnu/7/:/usr/lib/gcc/x86_64-linux-gnu/]
  ignore line: [LIBRARY_PATH=/usr/lib/gcc/x86_64-linux-gnu/7/:/usr/lib/gcc/x86_64-linux-gnu/7/../../../x86_64-linux-gnu/:/usr/lib/gcc/x86_64-linux-gnu/7/../../../../lib/:/lib/x86_64-linux-gnu/:/lib/../lib/:/usr/lib/x86_64-linux-gnu/:/usr/lib/../lib/:/usr/lib/gcc/x86_64-linux-gnu/7/../../../:/lib/:/usr/lib/]
  ignore line: [COLLECT_GCC_OPTIONS='-v' '-rdynamic' '-o' 'cmTC_0d3c5' '-mtune=generic' '-march=x86-64']
  link line: [ /usr/lib/gcc/x86_64-linux-gnu/7/collect2 -plugin /usr/lib/gcc/x86_64-linux-gnu/7/liblto_plugin.so -plugin-opt=/usr/lib/gcc/x86_64-linux-gnu/7/lto-wrapper -plugin-opt=-fresolution=/tmp/ccywgFcp.res -plugin-opt=-pass-through=-lgcc -plugin-opt=-pass-through=-lgcc_s -plugin-opt=-pass-through=-lc -plugin-opt=-pass-through=-lgcc -plugin-opt=-pass-through=-lgcc_s --sysroot=/ --build-id --eh-frame-hdr -m elf_x86_64 --hash-style=gnu --as-needed -export-dynamic -dynamic-linker /lib64/ld-linux-x86-64.so.2 -pie -z now -z relro -o cmTC_0d3c5 /usr/lib/gcc/x86_64-linux-gnu/7/../../../x86_64-linux-gnu/Scrt1.o /usr/lib/gcc/x86_64-linux-gnu/7/../../../x86_64-linux-gnu/crti.o /usr/lib/gcc/x86_64-linux-gnu/7/crtbeginS.o -L/usr/lib/gcc/x86_64-linux-gnu/7 -L/usr/lib/gcc/x86_64-linux-gnu/7/../../../x86_64-linux-gnu -L/usr/lib/gcc/x86_64-linux-gnu/7/../../../../lib -L/lib/x86_64-linux-gnu -L/lib/../lib -L/usr/lib/x86_64-linux-gnu -L/usr/lib/../lib -L/usr/lib/gcc/x86_64-linux-gnu/7/../../.. CMakeFiles/cmTC_0d3c5.dir/CMakeCCompilerABI.c.o -lgcc --as-needed -lgcc_s --no-as-needed -lc -lgcc --as-needed -lgcc_s --no-as-needed /usr/lib/gcc/x86_64-linux-gnu/7/crtendS.o /usr/lib/gcc/x86_64-linux-gnu/7/../../../x86_64-linux-gnu/crtn.o]
    arg [/usr/lib/gcc/x86_64-linux-gnu/7/collect2] ==> ignore
    arg [-plugin] ==> ignore
    arg [/usr/lib/gcc/x86_64-linux-gnu/7/liblto_plugin.so] ==> ignore
    arg [-plugin-opt=/usr/lib/gcc/x86_64-linux-gnu/7/lto-wrapper] ==> ignore
    arg [-plugin-opt=-fresolution=/tmp/ccywgFcp.res] ==> ignore
    arg [-plugin-opt=-pass-through=-lgcc] ==> ignore
    arg [-plugin-opt=-pass-through=-lgcc_s] ==> ignore
    arg [-plugin-opt=-pass-through=-lc] ==> ignore
    arg [-plugin-opt=-pass-through=-lgcc] ==> ignore
    arg [-plugin-opt=-pass-through=-lgcc_s] ==> ignore
    arg [--sysroot=/] ==> ignore
    arg [--build-id] ==> ignore
    arg [--eh-frame-hdr] ==> ignore
    arg [-m] ==> ignore
    arg [elf_x86_64] ==> ignore
    arg [--hash-style=gnu] ==> ignore
    arg [--as-needed] ==> ignore
    arg [-export-dynamic] ==> ignore
    arg [-dynamic-linker] ==> ignore
    arg [/lib64/ld-linux-x86-64.so.2] ==> ignore
    arg [-pie] ==> ignore
    arg [-znow] ==> ignore
    arg [-zrelro] ==> ignore
    arg [-o] ==> ignore
    arg [cmTC_0d3c5] ==> ignore
    arg [/usr/lib/gcc/x86_64-linux-gnu/7/../../../x86_64-linux-gnu/Scrt1.o] ==> ignore
    arg [/usr/lib/gcc/x86_64-linux-gnu/7/../../../x86_64-linux-gnu/crti.o] ==> ignore
    arg [/usr/lib/gcc/x86_64-linux-gnu/7/crtbeginS.o] ==> ignore
    arg [-L/usr/lib/gcc/x86_64-linux-gnu/7] ==> dir [/usr/lib/gcc/x86_64-linux-gnu/7]
    arg [-L/usr/lib/gcc/x86_64-linux-gnu/7/../../../x86_64-linux-gnu] ==> dir [/usr/lib/gcc/x86_64-linux-gnu/7/../../../x86_64-linux-gnu]
    arg [-L/usr/lib/gcc/x86_64-linux-gnu/7/../../../../lib] ==> dir [/usr/lib/gcc/x86_64-linux-gnu/7/../../../../lib]
    arg [-L/lib/x86_64-linux-gnu] ==> dir [/lib/x86_64-linux-gnu]
    arg [-L/lib/../lib] ==> dir [/lib/../lib]
    arg [-L/usr/lib/x86_64-linux-gnu] ==> dir [/usr/lib/x86_64-linux-gnu]
    arg [-L/usr/lib/../lib] ==> dir [/usr/lib/../lib]
    arg [-L/usr/lib/gcc/x86_64-linux-gnu/7/../../..] ==> dir [/usr/lib/gcc/x86_64-linux-gnu/7/../../..]
    arg [CMakeFiles/cmTC_0d3c5.dir/CMakeCCompilerABI.c.o] ==> ignore
    arg [-lgcc] ==> lib [gcc]
    arg [--as-needed] ==> ignore
    arg [-lgcc_s] ==> lib [gcc_s]
    arg [--no-as-needed] ==> ignore
    arg [-lc] ==> lib [c]
    arg [-lgcc] ==> lib [gcc]
    arg [--as-needed] ==> ignore
    arg [-lgcc_s] ==> lib [gcc_s]
    arg [--no-as-needed] ==> ignore
    arg [/usr/lib/gcc/x86_64-linux-gnu/7/crtendS.o] ==> ignore
    arg [/usr/lib/gcc/x86_64-linux-gnu/7/../../../x86_64-linux-gnu/crtn.o] ==> ignore
  collapse library dir [/usr/lib/gcc/x86_64-linux-gnu/7] ==> [/usr/lib/gcc/x86_64-linux-gnu/7]
  collapse library dir [/usr/lib/gcc/x86_64-linux-gnu/7/../../../x86_64-linux-gnu] ==> [/usr/lib/x86_64-linux-gnu]
  collapse library dir [/usr/lib/gcc/x86_64-linux-gnu/7/../../../../lib] ==> [/usr/lib]
  collapse library dir [/lib/x86_64-linux-gnu] ==> [/lib/x86_64-linux-gnu]
  collapse library dir [/lib/../lib] ==> [/lib]
  collapse library dir [/usr/lib/x86_64-linux-gnu] ==> [/usr/lib/x86_64-linux-gnu]
  collapse library dir [/usr/lib/../lib] ==> [/usr/lib]
  collapse library dir [/usr/lib/gcc/x86_64-linux-gnu/7/../../..] ==> [/usr/lib]
  implicit libs: [gcc;gcc_s;c;gcc;gcc_s]
  implicit dirs: [/usr/lib/gcc/x86_64-linux-gnu/7;/usr/lib/x86_64-linux-gnu;/usr/lib;/lib/x86_64-linux-gnu;/lib]
  implicit fwks: []




Detecting C [-std=c11] compiler features compiled with the following output:
Change Dir: /home/matteo/Scrivania/Despeect-ProductBaseline/SpeectInstaller/builds/x86_64-Linux/Speect/CMakeFiles/CMakeTmp

Run Build Command:"/usr/bin/make" "cmTC_1e878/fast"
/usr/bin/make -f CMakeFiles/cmTC_1e878.dir/build.make CMakeFiles/cmTC_1e878.dir/build
make[1]: ingresso nella directory "/home/matteo/Scrivania/Despeect-ProductBaseline/SpeectInstaller/builds/x86_64-Linux/Speect/CMakeFiles/CMakeTmp"
Building C object CMakeFiles/cmTC_1e878.dir/feature_tests.c.o
/usr/bin/cc   -std=c11 -o CMakeFiles/cmTC_1e878.dir/feature_tests.c.o   -c /home/matteo/Scrivania/Despeect-ProductBaseline/SpeectInstaller/builds/x86_64-Linux/Speect/CMakeFiles/feature_tests.c
Linking C executable cmTC_1e878
/usr/bin/cmake -E cmake_link_script CMakeFiles/cmTC_1e878.dir/link.txt --verbose=1
/usr/bin/cc      -rdynamic CMakeFiles/cmTC_1e878.dir/feature_tests.c.o  -o cmTC_1e878 
make[1]: uscita dalla directory "/home/matteo/Scrivania/Despeect-ProductBaseline/SpeectInstaller/builds/x86_64-Linux/Speect/CMakeFiles/CMakeTmp"


    Feature record: C_FEATURE:1c_function_prototypes
    Feature record: C_FEATURE:1c_restrict
    Feature record: C_FEATURE:1c_static_assert
    Feature record: C_FEATURE:1c_variadic_macros


Detecting C [-std=c99] compiler features compiled with the following output:
Change Dir: /home/matteo/Scrivania/Despeect-ProductBaseline/SpeectInstaller/builds/x86_64-Linux/Speect/CMakeFiles/CMakeTmp

Run Build Command:"/usr/bin/make" "cmTC_040a1/fast"
/usr/bin/make -f CMakeFiles/cmTC_040a1.dir/build.make CMakeFiles/cmTC_040a1.dir/build
make[1]: ingresso nella directory "/home/matteo/Scrivania/Despeect-ProductBaseline/SpeectInstaller/builds/x86_64-Linux/Speect/CMakeFiles/CMakeTmp"
Building C object CMakeFiles/cmTC_040a1.dir/feature_tests.c.o
/usr/bin/cc   -std=c99 -o CMakeFiles/cmTC_040a1.dir/feature_tests.c.o   -c /home/matteo/Scrivania/Despeect-ProductBaseline/SpeectInstaller/builds/x86_64-Linux/Speect/CMakeFiles/feature_tests.c
Linking C executable cmTC_040a1
/usr/bin/cmake -E cmake_link_script CMakeFiles/cmTC_040a1.dir/link.txt --verbose=1
/usr/bin/cc      -rdynamic CMakeFiles/cmTC_040a1.dir/feature_tests.c.o  -o cmTC_040a1 
make[1]: uscita dalla directory "/home/matteo/Scrivania/Despeect-ProductBaseline/SpeectInstaller/builds/x86_64-Linux/Speect/CMakeFiles/CMakeTmp"


    Feature record: C_FEATURE:1c_function_prototypes
    Feature record: C_FEATURE:1c_restrict
    Feature record: C_FEATURE:0c_static_assert
    Feature record: C_FEATURE:1c_variadic_macros


Detecting C [-std=c90] compiler features compiled with the following output:
Change Dir: /home/matteo/Scrivania/Despeect-ProductBaseline/SpeectInstaller/builds/x86_64-Linux/Speect/CMakeFiles/CMakeTmp

Run Build Command:"/usr/bin/make" "cmTC_50f13/fast"
/usr/bin/make -f CMakeFiles/cmTC_50f13.dir/build.make CMakeFiles/cmTC_50f13.dir/build
make[1]: ingresso nella directory "/home/matteo/Scrivania/Despeect-ProductBaseline/SpeectInstaller/builds/x86_64-Linux/Speect/CMakeFiles/CMakeTmp"
Building C object CMakeFiles/cmTC_50f13.dir/feature_tests.c.o
/usr/bin/cc   -std=c90 -o CMakeFiles/cmTC_50f13.dir/feature_tests.c.o   -c /home/matteo/Scrivania/Despeect-ProductBaseline/SpeectInstaller/builds/x86_64-Linux/Speect/CMakeFiles/feature_tests.c
Linking C executable cmTC_50f13
/usr/bin/cmake -E cmake_link_script CMakeFiles/cmTC_50f13.dir/link.txt --verbose=1
/usr/bin/cc      -rdynamic CMakeFiles/cmTC_50f13.dir/feature_tests.c.o  -o cmTC_50f13 
make[1]: uscita dalla directory "/home/matteo/Scrivania/Despeect-ProductBaseline/SpeectInstaller/builds/x86_64-Linux/Speect/CMakeFiles/CMakeTmp"


    Feature record: C_FEATURE:1c_function_prototypes
    Feature record: C_FEATURE:0c_restrict
    Feature record: C_FEATURE:0c_static_assert
    Feature record: C_FEATURE:0c_variadic_macros
Determining if files sys/types.h exist passed with the following output:
Change Dir: /home/matteo/Scrivania/Despeect-ProductBaseline/SpeectInstaller/builds/x86_64-Linux/Speect/CMakeFiles/CMakeTmp

Run Build Command:"/usr/bin/make" "cmTC_62b19/fast"
/usr/bin/make -f CMakeFiles/cmTC_62b19.dir/build.make CMakeFiles/cmTC_62b19.dir/build
make[1]: ingresso nella directory "/home/matteo/Scrivania/Despeect-ProductBaseline/SpeectInstaller/builds/x86_64-Linux/Speect/CMakeFiles/CMakeTmp"
Building C object CMakeFiles/cmTC_62b19.dir/CheckIncludeFiles.c.o
/usr/bin/cc    -o CMakeFiles/cmTC_62b19.dir/CheckIncludeFiles.c.o   -c /home/matteo/Scrivania/Despeect-ProductBaseline/SpeectInstaller/builds/x86_64-Linux/Speect/CMakeFiles/CMakeTmp/CheckIncludeFiles.c
Linking C executable cmTC_62b19
/usr/bin/cmake -E cmake_link_script CMakeFiles/cmTC_62b19.dir/link.txt --verbose=1
/usr/bin/cc      -rdynamic CMakeFiles/cmTC_62b19.dir/CheckIncludeFiles.c.o  -o cmTC_62b19 
make[1]: uscita dalla directory "/home/matteo/Scrivania/Despeect-ProductBaseline/SpeectInstaller/builds/x86_64-Linux/Speect/CMakeFiles/CMakeTmp"


Determining if files sys/stat.h exist passed with the following output:
Change Dir: /home/matteo/Scrivania/Despeect-ProductBaseline/SpeectInstaller/builds/x86_64-Linux/Speect/CMakeFiles/CMakeTmp

Run Build Command:"/usr/bin/make" "cmTC_b57ce/fast"
/usr/bin/make -f CMakeFiles/cmTC_b57ce.dir/build.make CMakeFiles/cmTC_b57ce.dir/build
make[1]: ingresso nella directory "/home/matteo/Scrivania/Despeect-ProductBaseline/SpeectInstaller/builds/x86_64-Linux/Speect/CMakeFiles/CMakeTmp"
Building C object CMakeFiles/cmTC_b57ce.dir/CheckIncludeFiles.c.o
/usr/bin/cc    -o CMakeFiles/cmTC_b57ce.dir/CheckIncludeFiles.c.o   -c /home/matteo/Scrivania/Despeect-ProductBaseline/SpeectInstaller/builds/x86_64-Linux/Speect/CMakeFiles/CMakeTmp/CheckIncludeFiles.c
Linking C executable cmTC_b57ce
/usr/bin/cmake -E cmake_link_script CMakeFiles/cmTC_b57ce.dir/link.txt --verbose=1
/usr/bin/cc      -rdynamic CMakeFiles/cmTC_b57ce.dir/CheckIncludeFiles.c.o  -o cmTC_b57ce 
make[1]: uscita dalla directory "/home/matteo/Scrivania/Despeect-ProductBaseline/SpeectInstaller/builds/x86_64-Linux/Speect/CMakeFiles/CMakeTmp"


Determining if files unistd.h exist passed with the following output:
Change Dir: /home/matteo/Scrivania/Despeect-ProductBaseline/SpeectInstaller/builds/x86_64-Linux/Speect/CMakeFiles/CMakeTmp

Run Build Command:"/usr/bin/make" "cmTC_67ff0/fast"
/usr/bin/make -f CMakeFiles/cmTC_67ff0.dir/build.make CMakeFiles/cmTC_67ff0.dir/build
make[1]: ingresso nella directory "/home/matteo/Scrivania/Despeect-ProductBaseline/SpeectInstaller/builds/x86_64-Linux/Speect/CMakeFiles/CMakeTmp"
Building C object CMakeFiles/cmTC_67ff0.dir/CheckIncludeFiles.c.o
/usr/bin/cc    -o CMakeFiles/cmTC_67ff0.dir/CheckIncludeFiles.c.o   -c /home/matteo/Scrivania/Despeect-ProductBaseline/SpeectInstaller/builds/x86_64-Linux/Speect/CMakeFiles/CMakeTmp/CheckIncludeFiles.c
Linking C executable cmTC_67ff0
/usr/bin/cmake -E cmake_link_script CMakeFiles/cmTC_67ff0.dir/link.txt --verbose=1
/usr/bin/cc      -rdynamic CMakeFiles/cmTC_67ff0.dir/CheckIncludeFiles.c.o  -o cmTC_67ff0 
make[1]: uscita dalla directory "/home/matteo/Scrivania/Despeect-ProductBaseline/SpeectInstaller/builds/x86_64-Linux/Speect/CMakeFiles/CMakeTmp"


Determining if files limits.h exist passed with the following output:
Change Dir: /home/matteo/Scrivania/Despeect-ProductBaseline/SpeectInstaller/builds/x86_64-Linux/Speect/CMakeFiles/CMakeTmp

Run Build Command:"/usr/bin/make" "cmTC_298a8/fast"
/usr/bin/make -f CMakeFiles/cmTC_298a8.dir/build.make CMakeFiles/cmTC_298a8.dir/build
make[1]: ingresso nella directory "/home/matteo/Scrivania/Despeect-ProductBaseline/SpeectInstaller/builds/x86_64-Linux/Speect/CMakeFiles/CMakeTmp"
Building C object CMakeFiles/cmTC_298a8.dir/CheckIncludeFiles.c.o
/usr/bin/cc    -o CMakeFiles/cmTC_298a8.dir/CheckIncludeFiles.c.o   -c /home/matteo/Scrivania/Despeect-ProductBaseline/SpeectInstaller/builds/x86_64-Linux/Speect/CMakeFiles/CMakeTmp/CheckIncludeFiles.c
Linking C executable cmTC_298a8
/usr/bin/cmake -E cmake_link_script CMakeFiles/cmTC_298a8.dir/link.txt --verbose=1
/usr/bin/cc      -rdynamic CMakeFiles/cmTC_298a8.dir/CheckIncludeFiles.c.o  -o cmTC_298a8 
make[1]: uscita dalla directory "/home/matteo/Scrivania/Despeect-ProductBaseline/SpeectInstaller/builds/x86_64-Linux/Speect/CMakeFiles/CMakeTmp"


Determining if files fcntl.h exist passed with the following output:
Change Dir: /home/matteo/Scrivania/Despeect-ProductBaseline/SpeectInstaller/builds/x86_64-Linux/Speect/CMakeFiles/CMakeTmp

Run Build Command:"/usr/bin/make" "cmTC_be2b8/fast"
/usr/bin/make -f CMakeFiles/cmTC_be2b8.dir/build.make CMakeFiles/cmTC_be2b8.dir/build
make[1]: ingresso nella directory "/home/matteo/Scrivania/Despeect-ProductBaseline/SpeectInstaller/builds/x86_64-Linux/Speect/CMakeFiles/CMakeTmp"
Building C object CMakeFiles/cmTC_be2b8.dir/CheckIncludeFiles.c.o
/usr/bin/cc    -o CMakeFiles/cmTC_be2b8.dir/CheckIncludeFiles.c.o   -c /home/matteo/Scrivania/Despeect-ProductBaseline/SpeectInstaller/builds/x86_64-Linux/Speect/CMakeFiles/CMakeTmp/CheckIncludeFiles.c
Linking C executable cmTC_be2b8
/usr/bin/cmake -E cmake_link_script CMakeFiles/cmTC_be2b8.dir/link.txt --verbose=1
/usr/bin/cc      -rdynamic CMakeFiles/cmTC_be2b8.dir/CheckIncludeFiles.c.o  -o cmTC_be2b8 
make[1]: uscita dalla directory "/home/matteo/Scrivania/Despeect-ProductBaseline/SpeectInstaller/builds/x86_64-Linux/Speect/CMakeFiles/CMakeTmp"


Determining if files sys/mman.h exist passed with the following output:
Change Dir: /home/matteo/Scrivania/Despeect-ProductBaseline/SpeectInstaller/builds/x86_64-Linux/Speect/CMakeFiles/CMakeTmp

Run Build Command:"/usr/bin/make" "cmTC_26f8b/fast"
/usr/bin/make -f CMakeFiles/cmTC_26f8b.dir/build.make CMakeFiles/cmTC_26f8b.dir/build
make[1]: ingresso nella directory "/home/matteo/Scrivania/Despeect-ProductBaseline/SpeectInstaller/builds/x86_64-Linux/Speect/CMakeFiles/CMakeTmp"
Building C object CMakeFiles/cmTC_26f8b.dir/CheckIncludeFiles.c.o
/usr/bin/cc    -o CMakeFiles/cmTC_26f8b.dir/CheckIncludeFiles.c.o   -c /home/matteo/Scrivania/Despeect-ProductBaseline/SpeectInstaller/builds/x86_64-Linux/Speect/CMakeFiles/CMakeTmp/CheckIncludeFiles.c
Linking C executable cmTC_26f8b
/usr/bin/cmake -E cmake_link_script CMakeFiles/cmTC_26f8b.dir/link.txt --verbose=1
/usr/bin/cc      -rdynamic CMakeFiles/cmTC_26f8b.dir/CheckIncludeFiles.c.o  -o cmTC_26f8b 
make[1]: uscita dalla directory "/home/matteo/Scrivania/Despeect-ProductBaseline/SpeectInstaller/builds/x86_64-Linux/Speect/CMakeFiles/CMakeTmp"


Determining if files dlfcn.h exist passed with the following output:
Change Dir: /home/matteo/Scrivania/Despeect-ProductBaseline/SpeectInstaller/builds/x86_64-Linux/Speect/CMakeFiles/CMakeTmp

Run Build Command:"/usr/bin/make" "cmTC_2c48d/fast"
/usr/bin/make -f CMakeFiles/cmTC_2c48d.dir/build.make CMakeFiles/cmTC_2c48d.dir/build
make[1]: ingresso nella directory "/home/matteo/Scrivania/Despeect-ProductBaseline/SpeectInstaller/builds/x86_64-Linux/Speect/CMakeFiles/CMakeTmp"
Building C object CMakeFiles/cmTC_2c48d.dir/CheckIncludeFiles.c.o
/usr/bin/cc    -o CMakeFiles/cmTC_2c48d.dir/CheckIncludeFiles.c.o   -c /home/matteo/Scrivania/Despeect-ProductBaseline/SpeectInstaller/builds/x86_64-Linux/Speect/CMakeFiles/CMakeTmp/CheckIncludeFiles.c
Linking C executable cmTC_2c48d
/usr/bin/cmake -E cmake_link_script CMakeFiles/cmTC_2c48d.dir/link.txt --verbose=1
/usr/bin/cc      -rdynamic CMakeFiles/cmTC_2c48d.dir/CheckIncludeFiles.c.o  -o cmTC_2c48d 
make[1]: uscita dalla directory "/home/matteo/Scrivania/Despeect-ProductBaseline/SpeectInstaller/builds/x86_64-Linux/Speect/CMakeFiles/CMakeTmp"


Determining if the include file sys/types.h exists passed with the following output:
Change Dir: /home/matteo/Scrivania/Despeect-ProductBaseline/SpeectInstaller/builds/x86_64-Linux/Speect/CMakeFiles/CMakeTmp

Run Build Command:"/usr/bin/make" "cmTC_6eab2/fast"
/usr/bin/make -f CMakeFiles/cmTC_6eab2.dir/build.make CMakeFiles/cmTC_6eab2.dir/build
make[1]: ingresso nella directory "/home/matteo/Scrivania/Despeect-ProductBaseline/SpeectInstaller/builds/x86_64-Linux/Speect/CMakeFiles/CMakeTmp"
Building C object CMakeFiles/cmTC_6eab2.dir/CheckIncludeFile.c.o
/usr/bin/cc    -o CMakeFiles/cmTC_6eab2.dir/CheckIncludeFile.c.o   -c /home/matteo/Scrivania/Despeect-ProductBaseline/SpeectInstaller/builds/x86_64-Linux/Speect/CMakeFiles/CMakeTmp/CheckIncludeFile.c
Linking C executable cmTC_6eab2
/usr/bin/cmake -E cmake_link_script CMakeFiles/cmTC_6eab2.dir/link.txt --verbose=1
/usr/bin/cc      -rdynamic CMakeFiles/cmTC_6eab2.dir/CheckIncludeFile.c.o  -o cmTC_6eab2 
make[1]: uscita dalla directory "/home/matteo/Scrivania/Despeect-ProductBaseline/SpeectInstaller/builds/x86_64-Linux/Speect/CMakeFiles/CMakeTmp"


Determining if the include file stdint.h exists passed with the following output:
Change Dir: /home/matteo/Scrivania/Despeect-ProductBaseline/SpeectInstaller/builds/x86_64-Linux/Speect/CMakeFiles/CMakeTmp

Run Build Command:"/usr/bin/make" "cmTC_ac565/fast"
/usr/bin/make -f CMakeFiles/cmTC_ac565.dir/build.make CMakeFiles/cmTC_ac565.dir/build
make[1]: ingresso nella directory "/home/matteo/Scrivania/Despeect-ProductBaseline/SpeectInstaller/builds/x86_64-Linux/Speect/CMakeFiles/CMakeTmp"
Building C object CMakeFiles/cmTC_ac565.dir/CheckIncludeFile.c.o
/usr/bin/cc    -o CMakeFiles/cmTC_ac565.dir/CheckIncludeFile.c.o   -c /home/matteo/Scrivania/Despeect-ProductBaseline/SpeectInstaller/builds/x86_64-Linux/Speect/CMakeFiles/CMakeTmp/CheckIncludeFile.c
Linking C executable cmTC_ac565
/usr/bin/cmake -E cmake_link_script CMakeFiles/cmTC_ac565.dir/link.txt --verbose=1
/usr/bin/cc      -rdynamic CMakeFiles/cmTC_ac565.dir/CheckIncludeFile.c.o  -o cmTC_ac565 
make[1]: uscita dalla directory "/home/matteo/Scrivania/Despeect-ProductBaseline/SpeectInstaller/builds/x86_64-Linux/Speect/CMakeFiles/CMakeTmp"


Determining if the include file stddef.h exists passed with the following output:
Change Dir: /home/matteo/Scrivania/Despeect-ProductBaseline/SpeectInstaller/builds/x86_64-Linux/Speect/CMakeFiles/CMakeTmp

Run Build Command:"/usr/bin/make" "cmTC_6cac2/fast"
/usr/bin/make -f CMakeFiles/cmTC_6cac2.dir/build.make CMakeFiles/cmTC_6cac2.dir/build
make[1]: ingresso nella directory "/home/matteo/Scrivania/Despeect-ProductBaseline/SpeectInstaller/builds/x86_64-Linux/Speect/CMakeFiles/CMakeTmp"
Building C object CMakeFiles/cmTC_6cac2.dir/CheckIncludeFile.c.o
/usr/bin/cc    -o CMakeFiles/cmTC_6cac2.dir/CheckIncludeFile.c.o   -c /home/matteo/Scrivania/Despeect-ProductBaseline/SpeectInstaller/builds/x86_64-Linux/Speect/CMakeFiles/CMakeTmp/CheckIncludeFile.c
Linking C executable cmTC_6cac2
/usr/bin/cmake -E cmake_link_script CMakeFiles/cmTC_6cac2.dir/link.txt --verbose=1
/usr/bin/cc      -rdynamic CMakeFiles/cmTC_6cac2.dir/CheckIncludeFile.c.o  -o cmTC_6cac2 
make[1]: uscita dalla directory "/home/matteo/Scrivania/Despeect-ProductBaseline/SpeectInstaller/builds/x86_64-Linux/Speect/CMakeFiles/CMakeTmp"


Determining size of unsigned short passed with the following output:
Change Dir: /home/matteo/Scrivania/Despeect-ProductBaseline/SpeectInstaller/builds/x86_64-Linux/Speect/CMakeFiles/CMakeTmp

Run Build Command:"/usr/bin/make" "cmTC_a27aa/fast"
/usr/bin/make -f CMakeFiles/cmTC_a27aa.dir/build.make CMakeFiles/cmTC_a27aa.dir/build
make[1]: ingresso nella directory "/home/matteo/Scrivania/Despeect-ProductBaseline/SpeectInstaller/builds/x86_64-Linux/Speect/CMakeFiles/CMakeTmp"
Building C object CMakeFiles/cmTC_a27aa.dir/CMAKE_SIZEOF_UNSIGNED_SHORT.c.o
/usr/bin/cc    -o CMakeFiles/cmTC_a27aa.dir/CMAKE_SIZEOF_UNSIGNED_SHORT.c.o   -c /home/matteo/Scrivania/Despeect-ProductBaseline/SpeectInstaller/builds/x86_64-Linux/Speect/CMakeFiles/CheckTypeSize/CMAKE_SIZEOF_UNSIGNED_SHORT.c
Linking C executable cmTC_a27aa
/usr/bin/cmake -E cmake_link_script CMakeFiles/cmTC_a27aa.dir/link.txt --verbose=1
/usr/bin/cc      -rdynamic CMakeFiles/cmTC_a27aa.dir/CMAKE_SIZEOF_UNSIGNED_SHORT.c.o  -o cmTC_a27aa 
make[1]: uscita dalla directory "/home/matteo/Scrivania/Despeect-ProductBaseline/SpeectInstaller/builds/x86_64-Linux/Speect/CMakeFiles/CMakeTmp"


Determining if the system is big endian passed with the following output:
Change Dir: /home/matteo/Scrivania/Despeect-ProductBaseline/SpeectInstaller/builds/x86_64-Linux/Speect/CMakeFiles/CMakeTmp

Run Build Command:"/usr/bin/make" "cmTC_77f33/fast"
/usr/bin/make -f CMakeFiles/cmTC_77f33.dir/build.make CMakeFiles/cmTC_77f33.dir/build
make[1]: ingresso nella directory "/home/matteo/Scrivania/Despeect-ProductBaseline/SpeectInstaller/builds/x86_64-Linux/Speect/CMakeFiles/CMakeTmp"
Building C object CMakeFiles/cmTC_77f33.dir/TestEndianess.c.o
/usr/bin/cc    -o CMakeFiles/cmTC_77f33.dir/TestEndianess.c.o   -c /home/matteo/Scrivania/Despeect-ProductBaseline/SpeectInstaller/builds/x86_64-Linux/Speect/CMakeFiles/CMakeTmp/TestEndianess.c
Linking C executable cmTC_77f33
/usr/bin/cmake -E cmake_link_script CMakeFiles/cmTC_77f33.dir/link.txt --verbose=1
/usr/bin/cc      -rdynamic CMakeFiles/cmTC_77f33.dir/TestEndianess.c.o  -o cmTC_77f33 
make[1]: uscita dalla directory "/home/matteo/Scrivania/Despeect-ProductBaseline/SpeectInstaller/builds/x86_64-Linux/Speect/CMakeFiles/CMakeTmp"

TestEndianess.c:
/* A 16 bit integer is required. */
typedef unsigned short cmakeint16;

/* On a little endian machine, these 16bit ints will give "THIS IS LITTLE ENDIAN."
   On a big endian machine the characters will be exchanged pairwise. */
const cmakeint16 info_little[] =  {0x4854, 0x5349, 0x4920, 0x2053, 0x494c, 0x5454, 0x454c, 0x4520, 0x444e, 0x4149, 0x2e4e, 0x0000};

/* on a big endian machine, these 16bit ints will give "THIS IS BIG ENDIAN."
   On a little endian machine the characters will be exchanged pairwise. */
const cmakeint16 info_big[] =     {0x5448, 0x4953, 0x2049, 0x5320, 0x4249, 0x4720, 0x454e, 0x4449, 0x414e, 0x2e2e, 0x0000};

#ifdef __CLASSIC_C__
int main(argc, argv) int argc; char *argv[];
#else
int main(int argc, char *argv[])
#endif
{
  int require = 0;
  require += info_little[argc];
  require += info_big[argc];
  (void)argv;
  return require;
}


